INFO:     Will watch for changes in these directories: ['/Volumes/Extreme SSD/projetos/simpleapi']
INFO:     Uvicorn running on http://0.0.0.0:8000 (Press CTRL+C to quit)
INFO:     Started reloader process [41473] using StatReload
2025-02-16 01:02:09,922 - config - INFO - Iniciando aplicação Gerador de Vídeos com IA v2.0
2025-02-16 01:02:09,922 - config - INFO - Modo DEBUG: True
Process SpawnProcess-1:
Traceback (most recent call last):
  File "/opt/homebrew/Cellar/python@3.11/3.11.11/Frameworks/Python.framework/Versions/3.11/lib/python3.11/multiprocessing/process.py", line 314, in _bootstrap
    self.run()
  File "/opt/homebrew/Cellar/python@3.11/3.11.11/Frameworks/Python.framework/Versions/3.11/lib/python3.11/multiprocessing/process.py", line 108, in run
    self._target(*self._args, **self._kwargs)
  File "/Volumes/Extreme SSD/projetos/simpleapi/venv/lib/python3.11/site-packages/uvicorn/_subprocess.py", line 78, in subprocess_started
    target(sockets=sockets)
  File "/Volumes/Extreme SSD/projetos/simpleapi/venv/lib/python3.11/site-packages/uvicorn/server.py", line 62, in run
    return asyncio.run(self.serve(sockets=sockets))
           ^^^^^^^^^^^^^^^^^^^^^^^^^^^^^^^^^^^^^^^^
  File "/opt/homebrew/Cellar/python@3.11/3.11.11/Frameworks/Python.framework/Versions/3.11/lib/python3.11/asyncio/runners.py", line 190, in run
    return runner.run(main)
           ^^^^^^^^^^^^^^^^
  File "/opt/homebrew/Cellar/python@3.11/3.11.11/Frameworks/Python.framework/Versions/3.11/lib/python3.11/asyncio/runners.py", line 118, in run
    return self._loop.run_until_complete(task)
           ^^^^^^^^^^^^^^^^^^^^^^^^^^^^^^^^^^^
  File "/opt/homebrew/Cellar/python@3.11/3.11.11/Frameworks/Python.framework/Versions/3.11/lib/python3.11/asyncio/base_events.py", line 654, in run_until_complete
    return future.result()
           ^^^^^^^^^^^^^^^
  File "/Volumes/Extreme SSD/projetos/simpleapi/venv/lib/python3.11/site-packages/uvicorn/server.py", line 69, in serve
    config.load()
  File "/Volumes/Extreme SSD/projetos/simpleapi/venv/lib/python3.11/site-packages/uvicorn/config.py", line 458, in load
    self.loaded_app = import_from_string(self.app)
                      ^^^^^^^^^^^^^^^^^^^^^^^^^^^^
  File "/Volumes/Extreme SSD/projetos/simpleapi/venv/lib/python3.11/site-packages/uvicorn/importer.py", line 24, in import_from_string
    raise exc from None
  File "/Volumes/Extreme SSD/projetos/simpleapi/venv/lib/python3.11/site-packages/uvicorn/importer.py", line 21, in import_from_string
    module = importlib.import_module(module_str)
             ^^^^^^^^^^^^^^^^^^^^^^^^^^^^^^^^^^^
  File "/opt/homebrew/Cellar/python@3.11/3.11.11/Frameworks/Python.framework/Versions/3.11/lib/python3.11/importlib/__init__.py", line 126, in import_module
    return _bootstrap._gcd_import(name[level:], package, level)
           ^^^^^^^^^^^^^^^^^^^^^^^^^^^^^^^^^^^^^^^^^^^^^^^^^^^^
  File "<frozen importlib._bootstrap>", line 1204, in _gcd_import
  File "<frozen importlib._bootstrap>", line 1176, in _find_and_load
  File "<frozen importlib._bootstrap>", line 1147, in _find_and_load_unlocked
  File "<frozen importlib._bootstrap>", line 690, in _load_unlocked
  File "<frozen importlib._bootstrap_external>", line 940, in exec_module
  File "<frozen importlib._bootstrap>", line 241, in _call_with_frames_removed
  File "/Volumes/Extreme SSD/projetos/simpleapi/app.py", line 8, in <module>
    from tasks.tasks import generate_image_task, generate_tts_task, generate_video_task, clone_voice_task
  File "/Volumes/Extreme SSD/projetos/simpleapi/tasks/__init__.py", line 12, in <module>
    from .tasks import (
  File "/Volumes/Extreme SSD/projetos/simpleapi/tasks/tasks.py", line 15, in <module>
    from stable_diffusion.sdxl_model import generate_image
  File "/Volumes/Extreme SSD/projetos/simpleapi/stable_diffusion/__init__.py", line 12, in <module>
    from .sdxl_model import (
  File "/Volumes/Extreme SSD/projetos/simpleapi/stable_diffusion/sdxl_model.py", line 22, in <module>
    from diffusers import (
ModuleNotFoundError: No module named 'diffusers'
INFO:     Stopping reloader process [41473]
